<?xml version="1.0" encoding="UTF-8"?>
<!-- Generated by org.testng.reporters.JUnitReportReporter -->
<testsuite skipped="0" hostname="A" name="rest_Assures_Int.Get_test01" tests="1" failures="0" timestamp="2020-04-07T21:53:31 IST" time="50.378" errors="0">
  <testcase name="get_Weather_details" time="50.378" classname="rest_Assures_Int.Get_test01"/>
  <system-out/>
</testsuite> <!-- rest_Assures_Int.Get_test01 -->
