<?xml version="1.0" encoding="UTF-8"?>
<!-- Generated by org.testng.reporters.JUnitReportReporter -->
<testsuite skipped="0" hostname="A" name="rest_Assures_Int.Post_test01" tests="1" failures="0" timestamp="2020-04-08T01:15:45 IST" time="32.878" errors="0">
  <testcase name="Post_Test01" time="32.878" classname="rest_Assures_Int.Post_test01"/>
  <system-out/>
</testsuite> <!-- rest_Assures_Int.Post_test01 -->
